<?xml version="1.0" encoding="UTF-8"?>
<testng-results ignored="0" total="1" passed="1" failed="0" skipped="0">
  <reporter-output>
  </reporter-output>
  <suite started-at="2019-04-29T19:41:44Z" name="api.TestAccountManagementApi" finished-at="2019-04-29T19:41:44Z" duration-ms="23">
    <groups>
    </groups>
    <test started-at="2019-04-29T19:41:44Z" name="Command line test" finished-at="2019-04-29T19:41:44Z" duration-ms="23">
      <class name="api.TestAccountManagementApi">
        <test-method signature="testAccountIsCreated()[pri:0, instance:api.TestAccountManagementApi@229d10bd]" started-at="2019-04-29T19:41:44Z" name="testAccountIsCreated" finished-at="2019-04-29T19:41:44Z" duration-ms="7" status="PASS">
          <reporter-output>
          </reporter-output>
        </test-method> <!-- testAccountIsCreated -->
      </class> <!-- api.TestAccountManagementApi -->
    </test> <!-- Command line test -->
  </suite> <!-- api.TestAccountManagementApi -->
</testng-results>
